<?xml version="1.0" encoding="UTF-8"?>
<!-- Generated by org.testng.reporters.JUnitXMLReporter -->
<testsuite ignored="0" hostname="LAPTOP-185DVRJL" failures="0" tests="9" name="Default test" time="26.59" errors="0" timestamp="2021-12-24T15:24:36 EST">
  <testcase classname="session4Assignment.Program3" name="invocationCount" time="3.982"/>
  <testcase classname="session4Assignment.Program3" name="invocationCount" time="3.075"/>
  <testcase classname="session4Assignment.Program3" name="invocationCount" time="3.097"/>
  <testcase classname="session4Assignment.Program3" name="invocationCountThreadpool" time="3.528"/>
  <testcase classname="session4Assignment.Program3" name="invocationCountThreadpool" time="3.528"/>
  <testcase classname="session4Assignment.Program3" name="invocationCountThreadpool" time="3.528"/>
  <testcase classname="session4Assignment.Program3" name="invocationCountTimeout" time="6.425"/>
  <testcase classname="session4Assignment.Program3" name="invocationCountTimeouts" time="3.162"/>
  <testcase classname="session4Assignment.Program3" name="invocationCountTimeouts" time="3.274"/>
</testsuite> <!-- Default test -->
